<?xml version="1.0" encoding="UTF-8"?>
<!-- Generated by org.testng.reporters.JUnitReportReporter -->
<testsuite hostname="LAPTOP-5EACHOO7" failures="0" tests="1" name="MyFirstTestCase" time="0.007" errors="0" timestamp="2023-10-23T09:41:32 EET" skipped="0">
  <testcase classname="MyFirstTestCase" name="MyFirstTest" time="0.007"/>
  <system-out/>
</testsuite> <!-- MyFirstTestCase -->
