<?xml version="1.0" encoding="UTF-8"?>
<!-- Generated by org.testng.reporters.JUnitReportReporter -->
<testsuite hostname="LAPTOP-5EACHOO7" failures="0" tests="1" name="project2.MyClass" time="0.004" errors="0" timestamp="2023-10-23T13:12:41 EET" skipped="0">
  <testcase classname="project2.MyClass" name="myTest" time="0.004"/>
  <system-out/>
</testsuite> <!-- project2.MyClass -->
